#
# A fatal error has been detected by the Java Runtime Environment:
#
#  SIGSEGV (0xb) at pc=0x00007ff7ce4e4a8a, pid=7526, tid=140702316570368
#
# JRE version: 6.0_20-b20
# Java VM: OpenJDK 64-Bit Server VM (19.0-b09 mixed mode linux-amd64 compressed oops)
# Derivative: IcedTea6 1.9.7
# Distribution: Ubuntu 10.10, package 6b20-1.9.7-0ubuntu1
# Problematic frame:
# V  [libjvm.so+0x458a8a]
#
# If you would like to submit a bug report, please include
# instructions how to reproduce the bug and visit:
#   https://bugs.launchpad.net/ubuntu/+source/openjdk-6/
#

---------------  T H R E A D  ---------------

Current thread (0x0000000000f7a000):  JavaThread "main" [_thread_in_vm, id=7527, stack(0x00007ff7cf892000,0x00007ff7cf993000)]

siginfo:si_signo=SIGSEGV: si_errno=0, si_code=1 (SEGV_MAPERR), si_addr=0x0000000000000000

Registers:
RAX=0x00007ff7cf991230, RBX=0x0000000000f7a000, RCX=0x00007ff7cf991100, RDX=0x0000000000000000
RSP=0x00007ff7cf991070, RBP=0x00007ff7cf991080, RSI=0x0000000000f7a000, RDI=0x00007ff7cf9910a0
R8 =0x00007ff7ce4d7bc0, R9 =0x00007ff7cf992700, R10=0x0000000000000006, R11=0x0000000000000000
R12=0x00007ff7cf991100, R13=0x00007ff7cf9910e0, R14=0x0000000000f7a1c8, R15=0x00007ff7cf9910a0
RIP=0x00007ff7ce4e4a8a, EFL=0x0000000000010287, CSGSFS=0x0000000000000033, ERR=0x0000000000000004
  TRAPNO=0x000000000000000e

Register to memory mapping:

RAX=0x00007ff7cf991230
0x00007ff7cf991230 is pointing into the stack for thread: 0x0000000000f7a000
"main" prio=10 tid=0x0000000000f7a000 nid=0x1d67 runnable [0x00007ff7cf991000]
   java.lang.Thread.State: RUNNABLE

RBX=0x0000000000f7a000
"main" prio=10 tid=0x0000000000f7a000 nid=0x1d67 runnable [0x00007ff7cf991000]
   java.lang.Thread.State: RUNNABLE

RCX=0x00007ff7cf991100
0x00007ff7cf991100 is pointing into the stack for thread: 0x0000000000f7a000
"main" prio=10 tid=0x0000000000f7a000 nid=0x1d67 runnable [0x00007ff7cf991000]
   java.lang.Thread.State: RUNNABLE

RDX=0x0000000000000000
0x0000000000000000 is pointing to unknown location

RSP=0x00007ff7cf991070
0x00007ff7cf991070 is pointing into the stack for thread: 0x0000000000f7a000
"main" prio=10 tid=0x0000000000f7a000 nid=0x1d67 runnable [0x00007ff7cf991000]
   java.lang.Thread.State: RUNNABLE

RBP=0x00007ff7cf991080
0x00007ff7cf991080 is pointing into the stack for thread: 0x0000000000f7a000
"main" prio=10 tid=0x0000000000f7a000 nid=0x1d67 runnable [0x00007ff7cf991000]
   java.lang.Thread.State: RUNNABLE

RSI=0x0000000000f7a000
"main" prio=10 tid=0x0000000000f7a000 nid=0x1d67 runnable [0x00007ff7cf991000]
   java.lang.Thread.State: RUNNABLE

RDI=0x00007ff7cf9910a0
0x00007ff7cf9910a0 is pointing into the stack for thread: 0x0000000000f7a000
"main" prio=10 tid=0x0000000000f7a000 nid=0x1d67 runnable [0x00007ff7cf991000]
   java.lang.Thread.State: RUNNABLE

R8 =0x00007ff7ce4d7bc0
0x00007ff7ce4d7bc0: <offset 0x44bbc0> in /usr/lib/jvm/java-6-openjdk/jre/lib/amd64/server/libjvm.so at 0x00007ff7ce08c000

R9 =0x00007ff7cf992700
0x00007ff7cf992700 is pointing into the stack for thread: 0x0000000000f7a000
"main" prio=10 tid=0x0000000000f7a000 nid=0x1d67 runnable [0x00007ff7cf991000]
   java.lang.Thread.State: RUNNABLE

R10=0x0000000000000006
0x0000000000000006 is pointing to unknown location

R11=0x0000000000000000
0x0000000000000000 is pointing to unknown location

R12=0x00007ff7cf991100
0x00007ff7cf991100 is pointing into the stack for thread: 0x0000000000f7a000
"main" prio=10 tid=0x0000000000f7a000 nid=0x1d67 runnable [0x00007ff7cf991000]
   java.lang.Thread.State: RUNNABLE

R13=0x00007ff7cf9910e0
0x00007ff7cf9910e0 is pointing into the stack for thread: 0x0000000000f7a000
"main" prio=10 tid=0x0000000000f7a000 nid=0x1d67 runnable [0x00007ff7cf991000]
   java.lang.Thread.State: RUNNABLE

R14=0x0000000000f7a1c8
0x0000000000f7a1c8 is pointing to unknown location

R15=0x00007ff7cf9910a0
0x00007ff7cf9910a0 is pointing into the stack for thread: 0x0000000000f7a000
"main" prio=10 tid=0x0000000000f7a000 nid=0x1d67 runnable [0x00007ff7cf991000]
   java.lang.Thread.State: RUNNABLE


Top of Stack: (sp=0x00007ff7cf991070)
0x00007ff7cf991070:   0000000000f7a000 0000000000000000
0x00007ff7cf991080:   00007ff7cf991220 00007ff7ce4d7cf2
0x00007ff7cf991090:   0000000000000000 0000000000000016
0x00007ff7cf9910a0:   0000000000f7a000 0000000000000008
0x00007ff7cf9910b0:   0000000000f7a8c8 00000000ec8e10e0
0x00007ff7cf9910c0:   00007ff7cf991120 00007ff7ce7861c1
0x00007ff7cf9910d0:   00007ff7cf991120 00007ff7cebc3fd8
0x00007ff7cf9910e0:   0000000000f7a000 0000000000f7a8b0
0x00007ff7cf9910f0:   00000000000004e6 00007ff7ce7f5398
0x00007ff7cf991100:   0000003000000018 00007ff7cf991230
0x00007ff7cf991110:   00007ff7cf991140 0000000000000016
0x00007ff7cf991120:   00007ff70000000c 00007ff7ce4c3260
0x00007ff7cf991130:   0000000000f7a000 00007ff7c819b33d
0x00007ff7cf991140:   0000000000000016 0000000000f7a000
0x00007ff7cf991150:   00007ff7cf991180 0000000000fe0078
0x00007ff7cf991160:   00007ff7ce4d7bc0 00007ff7cf992700
0x00007ff7cf991170:   00007ff7cebaba80 00007ff7cecb3799
0x00007ff7cf991180:   0000000000000000 00007ff7cec4e063
0x00007ff7cf991190:   0000000000f7a000 00007ff7cef58780
0x00007ff7cf9911a0:   0000000000000016 00007ff7cf9a4000
0x00007ff7cf9911b0:   00000000ba26e9f0 00007ff7cec4f6b5
0x00007ff7cf9911c0:   0000000000f7a000 00007ff7cef58780
0x00007ff7cf9911d0:   000000000000000a 0000000000000015
0x00007ff7cf9911e0:   00000000ba26e9f0 00007ff7cec4e96f
0x00007ff7cf9911f0:   00007ff7cef58780 0000000000fe0070
0x00007ff7cf991200:   0000000000000000 00000000ba26e9f0
0x00007ff7cf991210:   00007ff7cf991360 0000000000f7a000
0x00007ff7cf991220:   00007ff7cf991280 00007ff7c819a5d6
0x00007ff7cf991230:   00007ff7c819b428 0000000000f7a1c8
0x00007ff7cf991240:   00007ff7c819b414 00000000ba26e9f0
0x00007ff7cf991250:   00007ff7cf991280 0000000000fe0078
0x00007ff7cf991260:   0000000000000000 0000000000fe0070 

Instructions: (pc=0x00007ff7ce4e4a8a)
0x00007ff7ce4e4a7a:   c3 90 90 90 90 90 55 48 89 e5 41 54 49 89 cc 53
0x00007ff7ce4e4a8a:   48 8b 02 48 89 fb 48 8b 50 10 48 8b 40 18 0f b7 

Stack: [0x00007ff7cf892000,0x00007ff7cf993000],  sp=0x00007ff7cf991070,  free space=1020k
Native frames: (J=compiled Java code, j=interpreted, Vv=VM code, C=native code)
V  [libjvm.so+0x458a8a]
V  [libjvm.so+0x44bcf2]
C  [libskype_x644458418537025701817.so+0x15d6]
C  [libskype_x644458418537025701817.so+0x17aa]  setupSkypeFrameWork+0x2c
C  [libskype_x644458418537025701817.so+0x1993]  Java_com_skype_connector_linux_SkypeFramework_setup0+0x1c
j  com.skype.connector.linux.SkypeFramework.setup0()V+0
j  com.skype.connector.linux.SkypeFramework.init()V+36
j  com.skype.connector.linux.LinuxConnector.initializeImpl()V+0
j  com.skype.connector.Connector.initialize()V+60
j  com.skype.connector.Connector.connect()Lcom/skype/connector/Connector$Status;+1
j  com.skype.connector.Connector.assureAttached()V+13
j  com.skype.connector.Connector.execute(Ljava/lang/String;Lcom/skype/connector/NotificationChecker;ZZ)Ljava/util/concurrent/Future;+17
j  com.skype.connector.Connector.execute(Ljava/lang/String;[Ljava/lang/String;ZZ)Ljava/lang/String;+18
j  com.skype.connector.Connector.execute(Ljava/lang/String;[Ljava/lang/String;Z)Ljava/lang/String;+5
j  com.skype.connector.Connector.execute(Ljava/lang/String;Ljava/lang/String;)Ljava/lang/String;+28
j  com.skype.Skype.getAllChats(Ljava/lang/String;)[Lcom/skype/Chat;+28
j  com.skype.Skype.getAllRecentChats()[Lcom/skype/Chat;+2
j  skype.SkypeApiImpl.getAllChats()[Lskype/SkypeChat;+0
j  skype.SkypeRecorder.record()V+4
j  skype.SkypeHistory.main([Ljava/lang/String;)V+38
v  ~StubRoutines::call_stub
V  [libjvm.so+0x431188]
V  [libjvm.so+0x430028]
V  [libjvm.so+0x43c8c3]
V  [libjvm.so+0x44a841]
C  [java+0x3495]  JavaMain+0xd75

Java frames: (J=compiled Java code, j=interpreted, Vv=VM code)
j  com.skype.connector.linux.SkypeFramework.setup0()V+0
j  com.skype.connector.linux.SkypeFramework.init()V+36
j  com.skype.connector.linux.LinuxConnector.initializeImpl()V+0
j  com.skype.connector.Connector.initialize()V+60
j  com.skype.connector.Connector.connect()Lcom/skype/connector/Connector$Status;+1
j  com.skype.connector.Connector.assureAttached()V+13
j  com.skype.connector.Connector.execute(Ljava/lang/String;Lcom/skype/connector/NotificationChecker;ZZ)Ljava/util/concurrent/Future;+17
j  com.skype.connector.Connector.execute(Ljava/lang/String;[Ljava/lang/String;ZZ)Ljava/lang/String;+18
j  com.skype.connector.Connector.execute(Ljava/lang/String;[Ljava/lang/String;Z)Ljava/lang/String;+5
j  com.skype.connector.Connector.execute(Ljava/lang/String;Ljava/lang/String;)Ljava/lang/String;+28
j  com.skype.Skype.getAllChats(Ljava/lang/String;)[Lcom/skype/Chat;+28
j  com.skype.Skype.getAllRecentChats()[Lcom/skype/Chat;+2
j  skype.SkypeApiImpl.getAllChats()[Lskype/SkypeChat;+0
j  skype.SkypeRecorder.record()V+4
j  skype.SkypeHistory.main([Ljava/lang/String;)V+38
v  ~StubRoutines::call_stub

---------------  P R O C E S S  ---------------

Java Threads: ( => current thread )
  0x00007ff7c406e000 JavaThread "com.google.inject.internal.util.$Finalizer" daemon [_thread_blocked, id=7538, stack(0x00007ff7c839d000,0x00007ff7c849e000)]
  0x00007ff7c4004800 JavaThread "Low Memory Detector" daemon [_thread_blocked, id=7536, stack(0x00007ff7c861f000,0x00007ff7c8720000)]
  0x00007ff7c4002000 JavaThread "CompilerThread1" daemon [_thread_blocked, id=7535, stack(0x00007ff7c8720000,0x00007ff7c8821000)]
  0x000000000100d000 JavaThread "CompilerThread0" daemon [_thread_blocked, id=7534, stack(0x00007ff7c8821000,0x00007ff7c8922000)]
  0x000000000100b800 JavaThread "Signal Dispatcher" daemon [_thread_blocked, id=7533, stack(0x00007ff7c8922000,0x00007ff7c8a23000)]
  0x0000000000fe7800 JavaThread "Finalizer" daemon [_thread_blocked, id=7532, stack(0x00007ff7c8db7000,0x00007ff7c8eb8000)]
  0x0000000000fe5800 JavaThread "Reference Handler" daemon [_thread_blocked, id=7531, stack(0x00007ff7c8eb8000,0x00007ff7c8fb9000)]
=>0x0000000000f7a000 JavaThread "main" [_thread_in_vm, id=7527, stack(0x00007ff7cf892000,0x00007ff7cf993000)]

Other Threads:
  0x0000000000fde800 VMThread [stack: 0x00007ff7c8fb9000,0x00007ff7c90ba000] [id=7530]
  0x00007ff7c400f800 WatcherThread [stack: 0x00007ff7c851e000,0x00007ff7c861f000] [id=7537]

VM state:not at safepoint (normal execution)

VM Mutex/Monitor currently owned by a thread: None

Heap
 PSYoungGen      total 17920K, used 9108K [0x00000000ec000000, 0x00000000ed3f0000, 0x0000000100000000)
  eden space 15424K, 59% used [0x00000000ec000000,0x00000000ec8e53c0,0x00000000ecf10000)
  from space 2496K, 0% used [0x00000000ed180000,0x00000000ed180000,0x00000000ed3f0000)
  to   space 2496K, 0% used [0x00000000ecf10000,0x00000000ecf10000,0x00000000ed180000)
 PSOldGen        total 40960K, used 0K [0x00000000c4000000, 0x00000000c6800000, 0x00000000ec000000)
  object space 40960K, 0% used [0x00000000c4000000,0x00000000c4000000,0x00000000c6800000)
 PSPermGen       total 21248K, used 8883K [0x00000000b9a00000, 0x00000000baec0000, 0x00000000c4000000)
  object space 21248K, 41% used [0x00000000b9a00000,0x00000000ba2acd70,0x00000000baec0000)

Dynamic libraries:
00400000-00409000 r-xp 00000000 08:05 2234954                            /usr/lib/jvm/java-6-openjdk/jre/bin/java
00608000-00609000 r--p 00008000 08:05 2234954                            /usr/lib/jvm/java-6-openjdk/jre/bin/java
00609000-0060a000 rw-p 00009000 08:05 2234954                            /usr/lib/jvm/java-6-openjdk/jre/bin/java
00f71000-011da000 rw-p 00000000 00:00 0                                  [heap]
b9a00000-baec0000 rw-p 00000000 00:00 0 
baec0000-c4000000 rw-p 00000000 00:00 0 
c4000000-c6800000 rw-p 00000000 00:00 0 
c6800000-ec000000 rw-p 00000000 00:00 0 
ec000000-ed3f0000 rw-p 00000000 00:00 0 
ed3f0000-100000000 rw-p 00000000 00:00 0 
7ff7c3188000-7ff7c318d000 r-xp 00000000 08:05 1575688                    /usr/lib/libXdmcp.so.6.0.0
7ff7c318d000-7ff7c338c000 ---p 00005000 08:05 1575688                    /usr/lib/libXdmcp.so.6.0.0
7ff7c338c000-7ff7c338d000 r--p 00004000 08:05 1575688                    /usr/lib/libXdmcp.so.6.0.0
7ff7c338d000-7ff7c338e000 rw-p 00005000 08:05 1575688                    /usr/lib/libXdmcp.so.6.0.0
7ff7c338e000-7ff7c3390000 r-xp 00000000 08:05 1575677                    /usr/lib/libXau.so.6.0.0
7ff7c3390000-7ff7c358f000 ---p 00002000 08:05 1575677                    /usr/lib/libXau.so.6.0.0
7ff7c358f000-7ff7c3590000 r--p 00001000 08:05 1575677                    /usr/lib/libXau.so.6.0.0
7ff7c3590000-7ff7c3591000 rw-p 00002000 08:05 1575677                    /usr/lib/libXau.so.6.0.0
7ff7c3591000-7ff7c35ac000 r-xp 00000000 08:05 1576638                    /usr/lib/libxcb.so.1.1.0
7ff7c35ac000-7ff7c37ac000 ---p 0001b000 08:05 1576638                    /usr/lib/libxcb.so.1.1.0
7ff7c37ac000-7ff7c37ad000 r--p 0001b000 08:05 1576638                    /usr/lib/libxcb.so.1.1.0
7ff7c37ad000-7ff7c37ae000 rw-p 0001c000 08:05 1576638                    /usr/lib/libxcb.so.1.1.0
7ff7c37ae000-7ff7c37c3000 r-xp 00000000 08:05 1310799                    /lib/libgcc_s.so.1
7ff7c37c3000-7ff7c39c2000 ---p 00015000 08:05 1310799                    /lib/libgcc_s.so.1
7ff7c39c2000-7ff7c39c3000 r--p 00014000 08:05 1310799                    /lib/libgcc_s.so.1
7ff7c39c3000-7ff7c39c4000 rw-p 00015000 08:05 1310799                    /lib/libgcc_s.so.1
7ff7c39c4000-7ff7c3aac000 r-xp 00000000 08:05 1576529                    /usr/lib/libstdc++.so.6.0.14
7ff7c3aac000-7ff7c3cab000 ---p 000e8000 08:05 1576529                    /usr/lib/libstdc++.so.6.0.14
7ff7c3cab000-7ff7c3cb3000 r--p 000e7000 08:05 1576529                    /usr/lib/libstdc++.so.6.0.14
7ff7c3cb3000-7ff7c3cb5000 rw-p 000ef000 08:05 1576529                    /usr/lib/libstdc++.so.6.0.14
7ff7c3cb5000-7ff7c3cca000 rw-p 00000000 00:00 0 
7ff7c3cca000-7ff7c3dfb000 r-xp 00000000 08:05 1575673                    /usr/lib/libX11.so.6.3.0
7ff7c3dfb000-7ff7c3ffb000 ---p 00131000 08:05 1575673                    /usr/lib/libX11.so.6.3.0
7ff7c3ffb000-7ff7c3ffc000 r--p 00131000 08:05 1575673                    /usr/lib/libX11.so.6.3.0
7ff7c3ffc000-7ff7c4000000 rw-p 00132000 08:05 1575673                    /usr/lib/libX11.so.6.3.0
7ff7c4000000-7ff7c41d7000 rw-p 00000000 00:00 0 
7ff7c41d7000-7ff7c8000000 ---p 00000000 00:00 0 
7ff7c8199000-7ff7c819c000 r-xp 00000000 08:05 3149403                    /tmp/libskype_x644458418537025701817.so
7ff7c819c000-7ff7c839b000 ---p 00003000 08:05 3149403                    /tmp/libskype_x644458418537025701817.so
7ff7c839b000-7ff7c839c000 r--p 00002000 08:05 3149403                    /tmp/libskype_x644458418537025701817.so
7ff7c839c000-7ff7c839d000 rw-p 00003000 08:05 3149403                    /tmp/libskype_x644458418537025701817.so
7ff7c839d000-7ff7c83a0000 ---p 00000000 00:00 0 
7ff7c83a0000-7ff7c849e000 rw-p 00000000 00:00 0 
7ff7c849e000-7ff7c84a2000 r--s 0007c000 08:05 2100563                    /usr/lib/jvm/java-6-openjdk/jre/lib/jsse.jar
7ff7c84a2000-7ff7c84e0000 r--s 003e0000 08:05 4466510                    /home/takeuchi/projects/skype2gmail/skype2gmail/target/skype2gmail-1.0-SNAPSHOT.jar
7ff7c84e0000-7ff7c851e000 r--s 003e0000 08:05 4466510                    /home/takeuchi/projects/skype2gmail/skype2gmail/target/skype2gmail-1.0-SNAPSHOT.jar
7ff7c851e000-7ff7c851f000 ---p 00000000 00:00 0 
7ff7c851f000-7ff7c861f000 rw-p 00000000 00:00 0 
7ff7c861f000-7ff7c8622000 ---p 00000000 00:00 0 
7ff7c8622000-7ff7c8720000 rw-p 00000000 00:00 0 
7ff7c8720000-7ff7c8723000 ---p 00000000 00:00 0 
7ff7c8723000-7ff7c8821000 rw-p 00000000 00:00 0 
7ff7c8821000-7ff7c8824000 ---p 00000000 00:00 0 
7ff7c8824000-7ff7c8922000 rw-p 00000000 00:00 0 
7ff7c8922000-7ff7c8925000 ---p 00000000 00:00 0 
7ff7c8925000-7ff7c8a23000 rw-p 00000000 00:00 0 
7ff7c8a23000-7ff7c8db7000 r--p 00000000 08:05 1574279                    /usr/lib/locale/locale-archive
7ff7c8db7000-7ff7c8dba000 ---p 00000000 00:00 0 
7ff7c8dba000-7ff7c8eb8000 rw-p 00000000 00:00 0 
7ff7c8eb8000-7ff7c8ebb000 ---p 00000000 00:00 0 
7ff7c8ebb000-7ff7c8fb9000 rw-p 00000000 00:00 0 
7ff7c8fb9000-7ff7c8fba000 ---p 00000000 00:00 0 
7ff7c8fba000-7ff7c93bd000 rw-p 00000000 00:00 0 
7ff7c93bd000-7ff7c93bf000 r--s 0001d000 08:05 2103047                    /usr/lib/jvm/java-6-openjdk/jre/lib/plugin.jar
7ff7c93bf000-7ff7c93c4000 r--s 00044000 08:05 2103051                    /usr/lib/jvm/java-6-openjdk/jre/lib/netx.jar
7ff7c93c4000-7ff7c93f7000 rw-p 00000000 00:00 0 
7ff7c93f7000-7ff7c9586000 r--s 038c2000 08:05 2097302                    /usr/lib/jvm/java-6-openjdk/jre/lib/rt.jar
7ff7c9586000-7ff7c95ae000 rw-p 00000000 00:00 0 
7ff7c95ae000-7ff7c95af000 ---p 00000000 00:00 0 
7ff7c95af000-7ff7c96af000 rw-p 00000000 00:00 0 
7ff7c96af000-7ff7c96b0000 ---p 00000000 00:00 0 
7ff7c96b0000-7ff7c97bb000 rw-p 00000000 00:00 0 
7ff7c97bb000-7ff7c9803000 rw-p 00000000 00:00 0 
7ff7c9803000-7ff7c9817000 rw-p 00000000 00:00 0 
7ff7c9817000-7ff7c9943000 rw-p 00000000 00:00 0 
7ff7c9943000-7ff7c994e000 rw-p 00000000 00:00 0 
7ff7c994e000-7ff7c9996000 rw-p 00000000 00:00 0 
7ff7c9996000-7ff7c99aa000 rw-p 00000000 00:00 0 
7ff7c99aa000-7ff7c9ad6000 rw-p 00000000 00:00 0 
7ff7c9ad6000-7ff7c9ae0000 rw-p 00000000 00:00 0 
7ff7c9ae0000-7ff7c9b76000 rw-p 00000000 00:00 0 
7ff7c9b76000-7ff7c9b77000 rw-p 00000000 00:00 0 
7ff7c9b77000-7ff7c9de7000 rwxp 00000000 00:00 0 
7ff7c9de7000-7ff7ccb77000 rw-p 00000000 00:00 0 
7ff7ccb77000-7ff7ccb7e000 r-xp 00000000 08:05 2234984                    /usr/lib/jvm/java-6-openjdk/jre/lib/amd64/libzip.so
7ff7ccb7e000-7ff7ccd7d000 ---p 00007000 08:05 2234984                    /usr/lib/jvm/java-6-openjdk/jre/lib/amd64/libzip.so
7ff7ccd7d000-7ff7ccd7e000 r--p 00006000 08:05 2234984                    /usr/lib/jvm/java-6-openjdk/jre/lib/amd64/libzip.so
7ff7ccd7e000-7ff7ccd7f000 rw-p 00007000 08:05 2234984                    /usr/lib/jvm/java-6-openjdk/jre/lib/amd64/libzip.so
7ff7ccd7f000-7ff7ccd8b000 r-xp 00000000 08:05 1320261                    /lib/libnss_files-2.12.1.so
7ff7ccd8b000-7ff7ccf8a000 ---p 0000c000 08:05 1320261                    /lib/libnss_files-2.12.1.so
7ff7ccf8a000-7ff7ccf8b000 r--p 0000b000 08:05 1320261                    /lib/libnss_files-2.12.1.so
7ff7ccf8b000-7ff7ccf8c000 rw-p 0000c000 08:05 1320261                    /lib/libnss_files-2.12.1.so
7ff7ccf8c000-7ff7ccf96000 r-xp 00000000 08:05 1320241                    /lib/libnss_nis-2.12.1.so
7ff7ccf96000-7ff7cd195000 ---p 0000a000 08:05 1320241                    /lib/libnss_nis-2.12.1.so
7ff7cd195000-7ff7cd196000 r--p 00009000 08:05 1320241                    /lib/libnss_nis-2.12.1.so
7ff7cd196000-7ff7cd197000 rw-p 0000a000 08:05 1320241                    /lib/libnss_nis-2.12.1.so
7ff7cd197000-7ff7cd19f000 r-xp 00000000 08:05 1320249                    /lib/libnss_compat-2.12.1.so
7ff7cd19f000-7ff7cd39e000 ---p 00008000 08:05 1320249                    /lib/libnss_compat-2.12.1.so
7ff7cd39e000-7ff7cd39f000 r--p 00007000 08:05 1320249                    /lib/libnss_compat-2.12.1.so
7ff7cd39f000-7ff7cd3a0000 rw-p 00008000 08:05 1320249                    /lib/libnss_compat-2.12.1.so
7ff7cd3a0000-7ff7cd3a8000 r-xp 00000000 08:05 2234993                    /usr/lib/jvm/java-6-openjdk/jre/lib/amd64/native_threads/libhpi.so
7ff7cd3a8000-7ff7cd5a7000 ---p 00008000 08:05 2234993                    /usr/lib/jvm/java-6-openjdk/jre/lib/amd64/native_threads/libhpi.so
7ff7cd5a7000-7ff7cd5a8000 r--p 00007000 08:05 2234993                    /usr/lib/jvm/java-6-openjdk/jre/lib/amd64/native_threads/libhpi.so
7ff7cd5a8000-7ff7cd5a9000 rw-p 00008000 08:05 2234993                    /usr/lib/jvm/java-6-openjdk/jre/lib/amd64/native_threads/libhpi.so
7ff7cd5a9000-7ff7cd5c0000 r-xp 00000000 08:05 1320259                    /lib/libnsl-2.12.1.so
7ff7cd5c0000-7ff7cd7bf000 ---p 00017000 08:05 1320259                    /lib/libnsl-2.12.1.so
7ff7cd7bf000-7ff7cd7c0000 r--p 00016000 08:05 1320259                    /lib/libnsl-2.12.1.so
7ff7cd7c0000-7ff7cd7c1000 rw-p 00017000 08:05 1320259                    /lib/libnsl-2.12.1.so
7ff7cd7c1000-7ff7cd7c3000 rw-p 00000000 00:00 0 
7ff7cd7c3000-7ff7cd7ee000 r-xp 00000000 08:05 2234983                    /usr/lib/jvm/java-6-openjdk/jre/lib/amd64/libjava.so
7ff7cd7ee000-7ff7cd9ed000 ---p 0002b000 08:05 2234983                    /usr/lib/jvm/java-6-openjdk/jre/lib/amd64/libjava.so
7ff7cd9ed000-7ff7cd9ee000 r--p 0002a000 08:05 2234983                    /usr/lib/jvm/java-6-openjdk/jre/lib/amd64/libjava.so
7ff7cd9ee000-7ff7cd9f1000 rw-p 0002b000 08:05 2234983                    /usr/lib/jvm/java-6-openjdk/jre/lib/amd64/libjava.so
7ff7cd9f1000-7ff7cd9ff000 r-xp 00000000 08:05 2234969                    /usr/lib/jvm/java-6-openjdk/jre/lib/amd64/libverify.so
7ff7cd9ff000-7ff7cdbfe000 ---p 0000e000 08:05 2234969                    /usr/lib/jvm/java-6-openjdk/jre/lib/amd64/libverify.so
7ff7cdbfe000-7ff7cdc00000 r--p 0000d000 08:05 2234969                    /usr/lib/jvm/java-6-openjdk/jre/lib/amd64/libverify.so
7ff7cdc00000-7ff7cdc01000 rw-p 0000f000 08:05 2234969                    /usr/lib/jvm/java-6-openjdk/jre/lib/amd64/libverify.so
7ff7cdc01000-7ff7cdc08000 r-xp 00000000 08:05 1320194                    /lib/librt-2.12.1.so
7ff7cdc08000-7ff7cde07000 ---p 00007000 08:05 1320194                    /lib/librt-2.12.1.so
7ff7cde07000-7ff7cde08000 r--p 00006000 08:05 1320194                    /lib/librt-2.12.1.so
7ff7cde08000-7ff7cde09000 rw-p 00007000 08:05 1320194                    /lib/librt-2.12.1.so
7ff7cde09000-7ff7cde8b000 r-xp 00000000 08:05 1320239                    /lib/libm-2.12.1.so
7ff7cde8b000-7ff7ce08a000 ---p 00082000 08:05 1320239                    /lib/libm-2.12.1.so
7ff7ce08a000-7ff7ce08b000 r--p 00081000 08:05 1320239                    /lib/libm-2.12.1.so
7ff7ce08b000-7ff7ce08c000 rw-p 00082000 08:05 1320239                    /lib/libm-2.12.1.so
7ff7ce08c000-7ff7ce911000 r-xp 00000000 08:05 2234986                    /usr/lib/jvm/java-6-openjdk/jre/lib/amd64/server/libjvm.so
7ff7ce911000-7ff7ceb11000 ---p 00885000 08:05 2234986                    /usr/lib/jvm/java-6-openjdk/jre/lib/amd64/server/libjvm.so
7ff7ceb11000-7ff7ceb87000 r--p 00885000 08:05 2234986                    /usr/lib/jvm/java-6-openjdk/jre/lib/amd64/server/libjvm.so
7ff7ceb87000-7ff7ceba2000 rw-p 008fb000 08:05 2234986                    /usr/lib/jvm/java-6-openjdk/jre/lib/amd64/server/libjvm.so
7ff7ceba2000-7ff7cebdb000 rw-p 00000000 00:00 0 
7ff7cebdb000-7ff7ced55000 r-xp 00000000 08:05 1320217                    /lib/libc-2.12.1.so
7ff7ced55000-7ff7cef54000 ---p 0017a000 08:05 1320217                    /lib/libc-2.12.1.so
7ff7cef54000-7ff7cef58000 r--p 00179000 08:05 1320217                    /lib/libc-2.12.1.so
7ff7cef58000-7ff7cef59000 rw-p 0017d000 08:05 1320217                    /lib/libc-2.12.1.so
7ff7cef59000-7ff7cef5e000 rw-p 00000000 00:00 0 
7ff7cef5e000-7ff7cef60000 r-xp 00000000 08:05 1320266                    /lib/libdl-2.12.1.so
7ff7cef60000-7ff7cf160000 ---p 00002000 08:05 1320266                    /lib/libdl-2.12.1.so
7ff7cf160000-7ff7cf161000 r--p 00002000 08:05 1320266                    /lib/libdl-2.12.1.so
7ff7cf161000-7ff7cf162000 rw-p 00003000 08:05 1320266                    /lib/libdl-2.12.1.so
7ff7cf162000-7ff7cf166000 r-xp 00000000 08:05 2234967                    /usr/lib/jvm/java-6-openjdk/jre/lib/amd64/jli/libjli.so
7ff7cf166000-7ff7cf365000 ---p 00004000 08:05 2234967                    /usr/lib/jvm/java-6-openjdk/jre/lib/amd64/jli/libjli.so
7ff7cf365000-7ff7cf366000 r--p 00003000 08:05 2234967                    /usr/lib/jvm/java-6-openjdk/jre/lib/amd64/jli/libjli.so
7ff7cf366000-7ff7cf367000 rw-p 00004000 08:05 2234967                    /usr/lib/jvm/java-6-openjdk/jre/lib/amd64/jli/libjli.so
7ff7cf367000-7ff7cf37f000 r-xp 00000000 08:05 1320220                    /lib/libpthread-2.12.1.so
7ff7cf37f000-7ff7cf57e000 ---p 00018000 08:05 1320220                    /lib/libpthread-2.12.1.so
7ff7cf57e000-7ff7cf57f000 r--p 00017000 08:05 1320220                    /lib/libpthread-2.12.1.so
7ff7cf57f000-7ff7cf580000 rw-p 00018000 08:05 1320220                    /lib/libpthread-2.12.1.so
7ff7cf580000-7ff7cf584000 rw-p 00000000 00:00 0 
7ff7cf584000-7ff7cf59a000 r-xp 00000000 08:05 1310914                    /lib/libz.so.1.2.3.4
7ff7cf59a000-7ff7cf79a000 ---p 00016000 08:05 1310914                    /lib/libz.so.1.2.3.4
7ff7cf79a000-7ff7cf79b000 r--p 00016000 08:05 1310914                    /lib/libz.so.1.2.3.4
7ff7cf79b000-7ff7cf79c000 rw-p 00017000 08:05 1310914                    /lib/libz.so.1.2.3.4
7ff7cf79c000-7ff7cf7bc000 r-xp 00000000 08:05 1320240                    /lib/ld-2.12.1.so
7ff7cf7d2000-7ff7cf7dc000 rw-p 00000000 00:00 0 
7ff7cf7dc000-7ff7cf892000 rw-p 00000000 00:00 0 
7ff7cf892000-7ff7cf895000 ---p 00000000 00:00 0 
7ff7cf895000-7ff7cf998000 rw-p 00000000 00:00 0 
7ff7cf9a4000-7ff7cf9a5000 rw-p 00000000 00:00 0 
7ff7cf9a5000-7ff7cf9a8000 r--s 0000f000 08:05 2103071                    /usr/lib/jvm/java-6-openjdk/jre/lib/ext/pulse-java.jar
7ff7cf9a8000-7ff7cf9b0000 r--s 00066000 08:05 1975853                    /usr/share/java/gnome-java-bridge.jar
7ff7cf9b0000-7ff7cf9b8000 rw-s 00000000 08:05 3149345                    /tmp/hsperfdata_takeuchi/7526
7ff7cf9b8000-7ff7cf9b9000 rw-p 00000000 00:00 0 
7ff7cf9b9000-7ff7cf9ba000 r--p 00000000 00:00 0 
7ff7cf9ba000-7ff7cf9bc000 rw-p 00000000 00:00 0 
7ff7cf9bc000-7ff7cf9bd000 r--p 00020000 08:05 1320240                    /lib/ld-2.12.1.so
7ff7cf9bd000-7ff7cf9be000 rw-p 00021000 08:05 1320240                    /lib/ld-2.12.1.so
7ff7cf9be000-7ff7cf9bf000 rw-p 00000000 00:00 0 
7fff499cc000-7fff49a03000 rw-p 00000000 00:00 0                          [stack]
7fff49b4b000-7fff49b4c000 r-xp 00000000 00:00 0                          [vdso]
ffffffffff600000-ffffffffff601000 r-xp 00000000 00:00 0                  [vsyscall]

VM Arguments:
java_command: target/skype2gmail-1.0-SNAPSHOT.jar
Launcher Type: SUN_STANDARD

Environment Variables:
PATH=/home/takeuchi/.rvm/gems/ruby-1.9.2-p0/bin:/home/takeuchi/.rvm/gems/ruby-1.9.2-p0@global/bin:/home/takeuchi/.rvm/rubies/ruby-1.9.2-p0/bin:/home/takeuchi/.rvm/bin:/home/takeuchi/bin:/usr/local/sbin:/usr/local/bin:/usr/sbin:/usr/bin:/sbin:/bin:/usr/games:/home/takeuchi/bin
USERNAME=takeuchi
LD_LIBRARY_PATH=/usr/lib/jvm/java-6-openjdk/jre/lib/amd64/server:/usr/lib/jvm/java-6-openjdk/jre/lib/amd64:/usr/lib/jvm/java-6-openjdk/jre/../lib/amd64
SHELL=/bin/bash
DISPLAY=:0.0

Signal Handlers:
SIGSEGV: [libjvm.so+0x723630], sa_mask[0]=0x7ffbfeff, sa_flags=0x10000004
SIGBUS: [libjvm.so+0x723630], sa_mask[0]=0x7ffbfeff, sa_flags=0x10000004
SIGFPE: [libjvm.so+0x5e0000], sa_mask[0]=0x7ffbfeff, sa_flags=0x10000004
SIGPIPE: [libjvm.so+0x5e0000], sa_mask[0]=0x7ffbfeff, sa_flags=0x10000004
SIGXFSZ: [libjvm.so+0x5e0000], sa_mask[0]=0x7ffbfeff, sa_flags=0x10000004
SIGILL: [libjvm.so+0x5e0000], sa_mask[0]=0x7ffbfeff, sa_flags=0x10000004
SIGUSR1: SIG_DFL, sa_mask[0]=0x00000000, sa_flags=0x00000000
SIGUSR2: [libjvm.so+0x5df710], sa_mask[0]=0x00000000, sa_flags=0x10000004
SIGHUP: [libjvm.so+0x5e2180], sa_mask[0]=0x7ffbfeff, sa_flags=0x10000004
SIGINT: [libjvm.so+0x5e2180], sa_mask[0]=0x7ffbfeff, sa_flags=0x10000004
SIGTERM: [libjvm.so+0x5e2180], sa_mask[0]=0x7ffbfeff, sa_flags=0x10000004
SIGQUIT: [libjvm.so+0x5e2180], sa_mask[0]=0x7ffbfeff, sa_flags=0x10000004


---------------  S Y S T E M  ---------------

OS:Ubuntu 10.10 (maverick)
uname:Linux 2.6.35-25-generic #44-Ubuntu SMP Fri Jan 21 17:40:44 UTC 2011 x86_64
libc:glibc 2.12.1 NPTL 2.12.1 
rlimit: STACK 8192k, CORE 0k, NPROC infinity, NOFILE 1024, AS infinity
load average:0.94 0.50 0.35

/proc/meminfo:
MemTotal:        3924656 kB
MemFree:          395124 kB
Buffers:          175640 kB
Cached:           371868 kB
SwapCached:        74156 kB
Active:          2266528 kB
Inactive:         921780 kB
Active(anon):    2062872 kB
Inactive(anon):   693352 kB
Active(file):     203656 kB
Inactive(file):   228428 kB
Unevictable:          16 kB
Mlocked:              16 kB
SwapTotal:       3908604 kB
SwapFree:        3445404 kB
Dirty:              4876 kB
Writeback:             0 kB
AnonPages:       2586576 kB
Mapped:            92840 kB
Shmem:            115424 kB
Slab:             166096 kB
SReclaimable:     125352 kB
SUnreclaim:        40744 kB
KernelStack:        4224 kB
PageTables:        36212 kB
NFS_Unstable:          0 kB
Bounce:                0 kB
WritebackTmp:          0 kB
CommitLimit:     5870932 kB
Committed_AS:    4851132 kB
VmallocTotal:   34359738367 kB
VmallocUsed:      579496 kB
VmallocChunk:   34359080572 kB
HardwareCorrupted:     0 kB
HugePages_Total:       0
HugePages_Free:        0
HugePages_Rsvd:        0
HugePages_Surp:        0
Hugepagesize:       2048 kB
DirectMap4k:       11264 kB
DirectMap2M:     4048896 kB


CPU:total 2 (2 cores per cpu, 1 threads per core) family 6 model 23 stepping 6, cmov, cx8, fxsr, mmx, sse, sse2, sse3, ssse3, sse4.1

Memory: 4k page, physical 3924656k(395124k free), swap 3908604k(3445404k free)

vm_info: OpenJDK 64-Bit Server VM (19.0-b09) for linux-amd64 JRE (1.6.0_20-b20), built on Feb 23 2011 09:05:53 by "buildd" with gcc 4.4.5

time: Wed Mar  9 10:01:10 2011
elapsed time: 0 seconds

